#
# There is insufficient memory for the Java Runtime Environment to continue.
# Native memory allocation (mmap) failed to map 67108864 bytes for G1 virtual space
# Possible reasons:
#   The system is out of physical RAM or swap space
#   The process is running with CompressedOops enabled, and the Java Heap may be blocking the growth of the native heap
# Possible solutions:
#   Reduce memory load on the system
#   Increase physical memory or swap space
#   Check if swap backing store is full
#   Decrease Java heap size (-Xmx/-Xms)
#   Decrease number of Java threads
#   Decrease Java thread stack sizes (-Xss)
#   Set larger code cache with -XX:ReservedCodeCacheSize=
#   JVM is running with Unscaled Compressed Oops mode in which the Java heap is
#     placed in the first 4GB address space. The Java Heap base address is the
#     maximum limit for the native heap growth. Please use -XX:HeapBaseMinAddress
#     to set the Java Heap base and to place the Java Heap above 4GB virtual address.
# This output file may be truncated or incomplete.
#
#  Out of Memory Error (os_windows.cpp:3617), pid=12184, tid=116
#
# JRE version:  (17.0.8.1+1) (build )
# Java VM: OpenJDK 64-Bit Server VM (17.0.8.1+1, mixed mode, emulated-client, sharing, tiered, compressed oops, compressed class ptrs, g1 gc, windows-amd64)
# No core dump will be written. Minidumps are not enabled by default on client versions of Windows
#

---------------  S U M M A R Y ------------

Command Line: -Dcom.sun.management.jmxremote -Dcom.sun.management.jmxremote.port=57019 -Dcom.sun.management.jmxremote.authenticate=false -Dcom.sun.management.jmxremote.ssl=false -Djava.rmi.server.hostname=localhost -Dspring.jmx.enabled=true -Dmanagement.endpoints.jmx.exposure.include=* -Dspring.application.admin.enabled=true -XX:TieredStopAtLevel=1 -Dspring.boot.project.name=spring-security-latest -Dfile.encoding=UTF-8 -Dstdout.encoding=UTF-8 -Dstderr.encoding=UTF-8 -XX:+ShowCodeDetailsInExceptionMessages com.Tasko.Registration.RegistrationApplication --spring.output.ansi.enabled=always

Host: Intel(R) Core(TM) i5-4590 CPU @ 3.30GHz, 4 cores, 3G,  Windows 10 , 64 bit Build 19041 (10.0.19041.3636)
Time: Fri Nov 17 22:33:31 2023 India Standard Time elapsed time: 0.049211 seconds (0d 0h 0m 0s)

---------------  T H R E A D  ---------------

Current thread (0x0000029be6a79290):  JavaThread "Unknown thread" [_thread_in_vm, id=116, stack(0x000000a9bef00000,0x000000a9bf000000)]

Stack: [0x000000a9bef00000,0x000000a9bf000000]
Native frames: (J=compiled Java code, j=interpreted, Vv=VM code, C=native code)
V  [jvm.dll+0x678b0a]
V  [jvm.dll+0x835e84]
V  [jvm.dll+0x83762e]
V  [jvm.dll+0x837c93]
V  [jvm.dll+0x24746f]
V  [jvm.dll+0x675859]
V  [jvm.dll+0x66a0ea]
V  [jvm.dll+0x306c7b]
V  [jvm.dll+0x30e166]
V  [jvm.dll+0x35dd3e]
V  [jvm.dll+0x35df6f]
V  [jvm.dll+0x2ddb48]
V  [jvm.dll+0x2deab4]
V  [jvm.dll+0x807f31]
V  [jvm.dll+0x36bb21]
V  [jvm.dll+0x7e733c]
V  [jvm.dll+0x3ee4af]
V  [jvm.dll+0x3f00c1]
C  [jli.dll+0x528b]
C  [ucrtbase.dll+0x21bb2]
C  [KERNEL32.DLL+0x17344]
C  [ntdll.dll+0x526b1]


---------------  P R O C E S S  ---------------

Threads class SMR info:
_java_thread_list=0x00007ff91860a018, length=0, elements={
}

Java Threads: ( => current thread )

Other Threads:
  0x0000029be6ab4620 GCTaskThread "GC Thread#0" [stack: 0x000000a9bf000000,0x000000a9bf100000] [id=8804]
  0x0000029be6abe210 ConcurrentGCThread "G1 Main Marker" [stack: 0x000000a9bf100000,0x000000a9bf200000] [id=11544]
  0x0000029be6abeb30 ConcurrentGCThread "G1 Conc#0" [stack: 0x000000a9bf200000,0x000000a9bf300000] [id=13052]

[error occurred during error reporting (printing all threads), id 0xc0000005, EXCEPTION_ACCESS_VIOLATION (0xc0000005) at pc=0x00007ff917dde587]

VM state: not at safepoint (not fully initialized)

VM Mutex/Monitor currently owned by a thread:  ([mutex/lock_event])
[0x0000029be6a75510] Heap_lock - owner thread: 0x0000029be6a79290

Heap address: 0x00000000c1400000, size: 1004 MB, Compressed Oops mode: 32-bit

CDS archive(s) mapped at: [0x0000000000000000-0x0000000000000000-0x0000000000000000), size 0, SharedBaseAddress: 0x0000000800000000, ArchiveRelocationMode: 1.
Narrow klass base: 0x0000000000000000, Narrow klass shift: 0, Narrow klass range: 0x0

GC Precious Log:
<Empty>

Heap:
 garbage-first heap   total 0K, used 0K [0x00000000c1400000, 0x0000000100000000)
  region size 1024K, 0 young (0K), 0 survivors (0K)

[error occurred during error reporting (printing heap information), id 0xc0000005, EXCEPTION_ACCESS_VIOLATION (0xc0000005) at pc=0x00007ff9181c2699]

GC Heap History (0 events):
No events

Dll operation events (1 events):
Event: 0.023 Loaded shared library C:\Users\DELL\Downloads\spring-tool-suite-4-4.20.0.RELEASE-e4.29.0-win32.win32.x86_64.self-extracting\contents\sts-4.20.0.RELEASE\plugins\org.eclipse.justj.openjdk.hotspot.jre.full.win32.x86_64_17.0.8.v20230831-1047\jre\bin\java.dll

Deoptimization events (0 events):
No events

Classes unloaded (0 events):
No events

Classes redefined (0 events):
No events

Internal exceptions (0 events):
No events

VM Operations (0 events):
No events

Events (0 events):
No events


Dynamic libraries:
0x00007ff730b00000 - 0x00007ff730b0e000 	C:\Users\DELL\Downloads\spring-tool-suite-4-4.20.0.RELEASE-e4.29.0-win32.win32.x86_64.self-extracting\contents\sts-4.20.0.RELEASE\plugins\org.eclipse.justj.openjdk.hotspot.jre.full.win32.x86_64_17.0.8.v20230831-1047\jre\bin\javaw.exe
0x00007ff950290000 - 0x00007ff950488000 	C:\Windows\SYSTEM32\ntdll.dll
0x00007ff94e810000 - 0x00007ff94e8cd000 	C:\Windows\System32\KERNEL32.DLL
0x00007ff94def0000 - 0x00007ff94e1e6000 	C:\Windows\System32\KERNELBASE.dll
0x00007ff94e1f0000 - 0x00007ff94e2f0000 	C:\Windows\System32\ucrtbase.dll
0x00007ff940710000 - 0x00007ff940727000 	C:\Users\DELL\Downloads\spring-tool-suite-4-4.20.0.RELEASE-e4.29.0-win32.win32.x86_64.self-extracting\contents\sts-4.20.0.RELEASE\plugins\org.eclipse.justj.openjdk.hotspot.jre.full.win32.x86_64_17.0.8.v20230831-1047\jre\bin\jli.dll
0x00007ff9406f0000 - 0x00007ff940709000 	C:\Users\DELL\Downloads\spring-tool-suite-4-4.20.0.RELEASE-e4.29.0-win32.win32.x86_64.self-extracting\contents\sts-4.20.0.RELEASE\plugins\org.eclipse.justj.openjdk.hotspot.jre.full.win32.x86_64_17.0.8.v20230831-1047\jre\bin\VCRUNTIME140.dll
0x00007ff94e8d0000 - 0x00007ff94ea6e000 	C:\Windows\System32\USER32.dll
0x00007ff94dec0000 - 0x00007ff94dee2000 	C:\Windows\System32\win32u.dll
0x00007ff94cde0000 - 0x00007ff94d07a000 	C:\Windows\WinSxS\amd64_microsoft.windows.common-controls_6595b64144ccf1df_6.0.19041.3636_none_60b6a03d71f818d5\COMCTL32.dll
0x00007ff94ee30000 - 0x00007ff94ee5c000 	C:\Windows\System32\GDI32.dll
0x00007ff94f670000 - 0x00007ff94f70e000 	C:\Windows\System32\msvcrt.dll
0x00007ff94da60000 - 0x00007ff94db7a000 	C:\Windows\System32\gdi32full.dll
0x00007ff94d9c0000 - 0x00007ff94da5d000 	C:\Windows\System32\msvcp_win.dll
0x00007ff94ea70000 - 0x00007ff94eaa0000 	C:\Windows\System32\IMM32.DLL
0x00007ff94aa90000 - 0x00007ff94aa9c000 	C:\Users\DELL\Downloads\spring-tool-suite-4-4.20.0.RELEASE-e4.29.0-win32.win32.x86_64.self-extracting\contents\sts-4.20.0.RELEASE\plugins\org.eclipse.justj.openjdk.hotspot.jre.full.win32.x86_64_17.0.8.v20230831-1047\jre\bin\vcruntime140_1.dll
0x00007ff937210000 - 0x00007ff9372a1000 	C:\Users\DELL\Downloads\spring-tool-suite-4-4.20.0.RELEASE-e4.29.0-win32.win32.x86_64.self-extracting\contents\sts-4.20.0.RELEASE\plugins\org.eclipse.justj.openjdk.hotspot.jre.full.win32.x86_64_17.0.8.v20230831-1047\jre\bin\msvcp140.dll
0x00007ff917af0000 - 0x00007ff91873c000 	C:\Users\DELL\Downloads\spring-tool-suite-4-4.20.0.RELEASE-e4.29.0-win32.win32.x86_64.self-extracting\contents\sts-4.20.0.RELEASE\plugins\org.eclipse.justj.openjdk.hotspot.jre.full.win32.x86_64_17.0.8.v20230831-1047\jre\bin\server\jvm.dll
0x00007ff94ebc0000 - 0x00007ff94ec6f000 	C:\Windows\System32\ADVAPI32.dll
0x00007ff94ee60000 - 0x00007ff94eefc000 	C:\Windows\System32\sechost.dll
0x00007ff94ed00000 - 0x00007ff94ee26000 	C:\Windows\System32\RPCRT4.dll
0x00007ff93f530000 - 0x00007ff93f53a000 	C:\Windows\SYSTEM32\VERSION.dll
0x00007ff945980000 - 0x00007ff9459a7000 	C:\Windows\SYSTEM32\WINMM.dll
0x00007ff94ab80000 - 0x00007ff94ab89000 	C:\Windows\SYSTEM32\WSOCK32.dll
0x00007ff94f830000 - 0x00007ff94f89b000 	C:\Windows\System32\WS2_32.dll
0x00007ff94d7d0000 - 0x00007ff94d81b000 	C:\Windows\SYSTEM32\POWRPROF.dll
0x00007ff94d7b0000 - 0x00007ff94d7c2000 	C:\Windows\SYSTEM32\UMPDC.dll
0x00007ff94b1e0000 - 0x00007ff94b1f2000 	C:\Windows\SYSTEM32\kernel.appcore.dll
0x00007ff94a960000 - 0x00007ff94a96a000 	C:\Users\DELL\Downloads\spring-tool-suite-4-4.20.0.RELEASE-e4.29.0-win32.win32.x86_64.self-extracting\contents\sts-4.20.0.RELEASE\plugins\org.eclipse.justj.openjdk.hotspot.jre.full.win32.x86_64_17.0.8.v20230831-1047\jre\bin\jimage.dll
0x00007ff94d280000 - 0x00007ff94d464000 	C:\Windows\SYSTEM32\DBGHELP.DLL
0x00007ff94d240000 - 0x00007ff94d274000 	C:\Windows\SYSTEM32\dbgcore.DLL
0x00007ff94de30000 - 0x00007ff94deb2000 	C:\Windows\System32\bcryptPrimitives.dll
0x00007ff93a610000 - 0x00007ff93a635000 	C:\Users\DELL\Downloads\spring-tool-suite-4-4.20.0.RELEASE-e4.29.0-win32.win32.x86_64.self-extracting\contents\sts-4.20.0.RELEASE\plugins\org.eclipse.justj.openjdk.hotspot.jre.full.win32.x86_64_17.0.8.v20230831-1047\jre\bin\java.dll

dbghelp: loaded successfully - version: 4.0.5 - missing functions: none
symbol engine: initialized successfully - sym options: 0x614 - pdb path: .;C:\Users\DELL\Downloads\spring-tool-suite-4-4.20.0.RELEASE-e4.29.0-win32.win32.x86_64.self-extracting\contents\sts-4.20.0.RELEASE\plugins\org.eclipse.justj.openjdk.hotspot.jre.full.win32.x86_64_17.0.8.v20230831-1047\jre\bin;C:\Windows\SYSTEM32;C:\Windows\WinSxS\amd64_microsoft.windows.common-controls_6595b64144ccf1df_6.0.19041.3636_none_60b6a03d71f818d5;C:\Users\DELL\Downloads\spring-tool-suite-4-4.20.0.RELEASE-e4.29.0-win32.win32.x86_64.self-extracting\contents\sts-4.20.0.RELEASE\plugins\org.eclipse.justj.openjdk.hotspot.jre.full.win32.x86_64_17.0.8.v20230831-1047\jre\bin\server

VM Arguments:
jvm_args: -Dcom.sun.management.jmxremote -Dcom.sun.management.jmxremote.port=57019 -Dcom.sun.management.jmxremote.authenticate=false -Dcom.sun.management.jmxremote.ssl=false -Djava.rmi.server.hostname=localhost -Dspring.jmx.enabled=true -Dmanagement.endpoints.jmx.exposure.include=* -Dspring.application.admin.enabled=true -XX:TieredStopAtLevel=1 -Dspring.boot.project.name=spring-security-latest -Dfile.encoding=UTF-8 -Dstdout.encoding=UTF-8 -Dstderr.encoding=UTF-8 -XX:+ShowCodeDetailsInExceptionMessages 
java_command: com.Tasko.Registration.RegistrationApplication --spring.output.ansi.enabled=always
java_class_path (initial): C:\Users\DELL\Downloads\Registration 17-11-2023\Registration\target\classes;C:\Users\DELL\.m2\repository\org\springframework\boot\spring-boot-starter-security\3.0.1\spring-boot-starter-security-3.0.1.jar;C:\Users\DELL\.m2\repository\org\springframework\boot\spring-boot-starter\3.0.1\spring-boot-starter-3.0.1.jar;C:\Users\DELL\.m2\repository\org\springframework\boot\spring-boot\3.0.1\spring-boot-3.0.1.jar;C:\Users\DELL\.m2\repository\org\springframework\boot\spring-boot-autoconfigure\3.0.1\spring-boot-autoconfigure-3.0.1.jar;C:\Users\DELL\.m2\repository\org\springframework\boot\spring-boot-starter-logging\3.0.1\spring-boot-starter-logging-3.0.1.jar;C:\Users\DELL\.m2\repository\ch\qos\logback\logback-classic\1.4.5\logback-classic-1.4.5.jar;C:\Users\DELL\.m2\repository\ch\qos\logback\logback-core\1.4.5\logback-core-1.4.5.jar;C:\Users\DELL\.m2\repository\org\apache\logging\log4j\log4j-to-slf4j\2.19.0\log4j-to-slf4j-2.19.0.jar;C:\Users\DELL\.m2\repository\org\apache\logging\log4j\log4j-api\2.19.0\log4j-api-2.19.0.jar;C:\Users\DELL\.m2\repository\org\slf4j\jul-to-slf4j\2.0.6\jul-to-slf4j-2.0.6.jar;C:\Users\DELL\.m2\repository\jakarta\annotation\jakarta.annotation-api\2.1.1\jakarta.annotation-api-2.1.1.jar;C:\Users\DELL\.m2\repository\org\yaml\snakeyaml\1.33\snakeyaml-1.33.jar;C:\Users\DELL\.m2\repository\org\springframework\spring-aop\6.0.3\spring-aop-6.0.3.jar;C:\Users\DELL\.m2\repository\org\springframework\spring-beans\6.0.3\spring-beans-6.0.3.jar;C:\Users\DELL\.m2\repository\org\springframework\security\spring-security-config\6.0.1\spring-security-config-6.0.1.jar;C:\Users\DELL\.m2\repository\org\springframework\spring-context\6.0.3\spring-context-6.0.3.jar;C:\Users\DELL\.m2\repository\org\springframework\security\spring-security-web\6.0.1\spring-security-web-6.0.1.jar;C:\Users\DELL\.m2\repository\org\springframework\spring-expression\6.0.3\spring-expression-6.0.3.jar;C:\Users\DELL\.m2\repository\org\springframework\boot\spring-boot-starte
Launcher Type: SUN_STANDARD

[Global flags]
     intx CICompilerCount                          = 3                                         {product} {ergonomic}
     uint ConcGCThreads                            = 1                                         {product} {ergonomic}
     uint G1ConcRefinementThreads                  = 4                                         {product} {ergonomic}
   size_t G1HeapRegionSize                         = 1048576                                   {product} {ergonomic}
    uintx GCDrainStackTargetSize                   = 64                                        {product} {ergonomic}
   size_t InitialHeapSize                          = 67108864                                  {product} {ergonomic}
     bool ManagementServer                         = true                                      {product} {command line}
   size_t MarkStackSize                            = 4194304                                   {product} {ergonomic}
   size_t MaxHeapSize                              = 1052770304                                {product} {ergonomic}
   size_t MinHeapDeltaBytes                        = 1048576                                   {product} {ergonomic}
   size_t MinHeapSize                              = 8388608                                   {product} {ergonomic}
    uintx NonProfiledCodeHeapSize                  = 0                                      {pd product} {ergonomic}
     bool ProfileInterpreter                       = false                                  {pd product} {command line}
    uintx ProfiledCodeHeapSize                     = 0                                      {pd product} {ergonomic}
     bool ShowCodeDetailsInExceptionMessages       = true                                   {manageable} {command line}
   size_t SoftMaxHeapSize                          = 1052770304                             {manageable} {ergonomic}
     intx TieredStopAtLevel                        = 1                                         {product} {command line}
     bool UseCompressedClassPointers               = true                           {product lp64_product} {ergonomic}
     bool UseCompressedOops                        = true                           {product lp64_product} {ergonomic}
     bool UseG1GC                                  = true                                      {product} {ergonomic}
     bool UseLargePagesIndividualAllocation        = false                                  {pd product} {ergonomic}

Logging:
Log output configuration:
 #0: stdout all=warning uptime,level,tags
 #1: stderr all=off uptime,level,tags

Environment Variables:
PATH=C:/Users/DELL/Downloads/spring-tool-suite-4-4.20.0.RELEASE-e4.29.0-win32.win32.x86_64.self-extracting/contents/sts-4.20.0.RELEASE//plugins/org.eclipse.justj.openjdk.hotspot.jre.full.win32.x86_64_17.0.8.v20230831-1047/jre/bin/server;C:/Users/DELL/Downloads/spring-tool-suite-4-4.20.0.RELEASE-e4.29.0-win32.win32.x86_64.self-extracting/contents/sts-4.20.0.RELEASE//plugins/org.eclipse.justj.openjdk.hotspot.jre.full.win32.x86_64_17.0.8.v20230831-1047/jre/bin;C:\Windows\system32;C:\Windows;C:\Windows\System32\Wbem;C:\Windows\System32\WindowsPowerShell\v1.0\;C:\Windows\System32\OpenSSH\;C:\Program Files\MySQL\MySQL Shell 8.0\bin\;C:\Users\DELL\AppData\Local\Microsoft\WindowsApps;;C:\Users\DELL\AppData\Local\Programs\Microsoft VS Code\bin;C:\Users\DELL\Downloads\spring-tool-suite-4-4.20.0.RELEASE-e4.29.0-win32.win32.x86_64.self-extracting\contents\sts-4.20.0.RELEASE;
USERNAME=DELL
OS=Windows_NT
PROCESSOR_IDENTIFIER=Intel64 Family 6 Model 60 Stepping 3, GenuineIntel
TMP=C:\Users\DELL\AppData\Local\Temp
TEMP=C:\Users\DELL\AppData\Local\Temp



---------------  S Y S T E M  ---------------

OS:
 Windows 10 , 64 bit Build 19041 (10.0.19041.3636)
OS uptime: 1 days 6:18 hours

CPU: total 4 (initial active 4) (4 cores per cpu, 1 threads per core) family 6 model 60 stepping 3 microcode 0x27, cx8, cmov, fxsr, mmx, sse, sse2, sse3, ssse3, sse4.1, sse4.2, popcnt, lzcnt, tsc, tscinvbit, avx, avx2, aes, erms, clmul, bmi1, bmi2, fma, vzeroupper, clflush
Processor Information for all 4 processors :
  Max Mhz: 3300, Current Mhz: 3300, Mhz Limit: 3300

Memory: 4k page, system-wide physical 4014M (139M free)
TotalPageFile size 16302M (AvailPageFile size 7M)
current process WorkingSet (physical memory assigned to process): 10M, peak: 10M
current process commit charge ("private bytes"): 46M, peak: 110M

vm_info: OpenJDK 64-Bit Server VM (17.0.8.1+1) for windows-amd64 JRE (17.0.8.1+1), built on Aug 23 2023 15:29:17 by "admin" with MS VC++ 16.7 (VS2019)

END.
